[0818/133820.694:ERROR:crash_report_database_win.cc(469)] failed to stat report
[0818/133820.696:ERROR:crash_report_database_win.cc(469)] failed to stat report
[0818/133820.696:ERROR:crash_report_database_win.cc(469)] failed to stat report
[0818/133820.696:ERROR:crash_report_database_win.cc(469)] failed to stat report
[0818/133820.696:ERROR:crash_report_database_win.cc(469)] failed to stat report
[0818/133820.697:ERROR:crash_report_database_win.cc(469)] failed to stat report
[0818/133820.697:ERROR:crash_report_database_win.cc(469)] failed to stat report
[0818/133820.697:ERROR:crash_report_database_win.cc(469)] failed to stat report
[0818/133820.697:ERROR:crash_report_database_win.cc(469)] failed to stat report
[0818/133820.697:ERROR:crash_report_database_win.cc(469)] failed to stat report
[0818/133820.698:ERROR:crash_report_database_win.cc(469)] failed to stat report
[0818/133820.698:ERROR:crash_report_database_win.cc(469)] failed to stat report
[0818/133820.698:ERROR:crash_report_database_win.cc(469)] failed to stat report
[0818/133820.698:ERROR:crash_report_database_win.cc(469)] failed to stat report
[0818/133820.698:ERROR:crash_report_database_win.cc(469)] failed to stat report
[0818/133820.698:ERROR:crash_report_database_win.cc(469)] failed to stat report
[0818/133820.698:ERROR:crash_report_database_win.cc(469)] failed to stat report
[0818/133820.698:ERROR:crash_report_database_win.cc(469)] failed to stat report
[0818/133820.699:ERROR:crash_report_database_win.cc(469)] failed to stat report
[0818/133820.699:ERROR:crash_report_database_win.cc(469)] failed to stat report
[0818/134820.695:ERROR:crash_report_database_win.cc(469)] failed to stat report
[0818/134820.695:ERROR:crash_report_database_win.cc(469)] failed to stat report
[0818/134820.695:ERROR:crash_report_database_win.cc(469)] failed to stat report
[0818/134820.695:ERROR:crash_report_database_win.cc(469)] failed to stat report
[0818/134820.695:ERROR:crash_report_database_win.cc(469)] failed to stat report
[0818/134820.695:ERROR:crash_report_database_win.cc(469)] failed to stat report
[0818/134820.695:ERROR:crash_report_database_win.cc(469)] failed to stat report
[0818/134820.695:ERROR:crash_report_database_win.cc(469)] failed to stat report
[0818/134820.695:ERROR:crash_report_database_win.cc(469)] failed to stat report
[0818/134820.696:ERROR:crash_report_database_win.cc(469)] failed to stat report
[0818/134820.696:ERROR:crash_report_database_win.cc(469)] failed to stat report
[0818/134820.696:ERROR:crash_report_database_win.cc(469)] failed to stat report
[0818/134820.696:ERROR:crash_report_database_win.cc(469)] failed to stat report
[0818/134820.696:ERROR:crash_report_database_win.cc(469)] failed to stat report
[0818/134820.696:ERROR:crash_report_database_win.cc(469)] failed to stat report
[0818/134820.696:ERROR:crash_report_database_win.cc(469)] failed to stat report
[0818/134820.696:ERROR:crash_report_database_win.cc(469)] failed to stat report
[0818/134820.696:ERROR:crash_report_database_win.cc(469)] failed to stat report
[0818/134820.697:ERROR:crash_report_database_win.cc(469)] failed to stat report
[0818/134820.697:ERROR:crash_report_database_win.cc(469)] failed to stat report
[0818/134820.698:ERROR:crash_report_database_win.cc(469)] failed to stat report
[0818/134820.698:ERROR:crash_report_database_win.cc(469)] failed to stat report
[0818/134820.698:ERROR:crash_report_database_win.cc(469)] failed to stat report
[0818/134820.698:ERROR:crash_report_database_win.cc(469)] failed to stat report
[0818/134820.698:ERROR:crash_report_database_win.cc(469)] failed to stat report
[0818/134820.698:ERROR:crash_report_database_win.cc(469)] failed to stat report
[0818/134820.698:ERROR:crash_report_database_win.cc(469)] failed to stat report
[0818/134820.698:ERROR:crash_report_database_win.cc(469)] failed to stat report
[0818/134820.698:ERROR:crash_report_database_win.cc(469)] failed to stat report
[0818/134820.699:ERROR:crash_report_database_win.cc(469)] failed to stat report
[0818/134820.699:ERROR:crash_report_database_win.cc(469)] failed to stat report
[0818/134820.699:ERROR:crash_report_database_win.cc(469)] failed to stat report
[0818/134820.699:ERROR:crash_report_database_win.cc(469)] failed to stat report
[0818/134820.699:ERROR:crash_report_database_win.cc(469)] failed to stat report
[0818/134820.699:ERROR:crash_report_database_win.cc(469)] failed to stat report
[0818/134820.699:ERROR:crash_report_database_win.cc(469)] failed to stat report
[0818/134820.699:ERROR:crash_report_database_win.cc(469)] failed to stat report
[0818/134820.699:ERROR:crash_report_database_win.cc(469)] failed to stat report
[0818/134820.700:ERROR:crash_report_database_win.cc(469)] failed to stat report
[0818/134820.700:ERROR:crash_report_database_win.cc(469)] failed to stat report
[0818/135320.700:ERROR:crash_report_database_win.cc(469)] failed to stat report
[0818/135320.700:ERROR:crash_report_database_win.cc(469)] failed to stat report
[0818/135320.701:ERROR:crash_report_database_win.cc(469)] failed to stat report
[0818/135320.701:ERROR:crash_report_database_win.cc(469)] failed to stat report
[0818/135320.701:ERROR:crash_report_database_win.cc(469)] failed to stat report
[0818/135320.701:ERROR:crash_report_database_win.cc(469)] failed to stat report
[0818/135320.701:ERROR:crash_report_database_win.cc(469)] failed to stat report
[0818/135320.701:ERROR:crash_report_database_win.cc(469)] failed to stat report
[0818/135320.701:ERROR:crash_report_database_win.cc(469)] failed to stat report
[0818/135320.701:ERROR:crash_report_database_win.cc(469)] failed to stat report
[0818/135320.701:ERROR:crash_report_database_win.cc(469)] failed to stat report
[0818/135320.702:ERROR:crash_report_database_win.cc(469)] failed to stat report
[0818/135320.702:ERROR:crash_report_database_win.cc(469)] failed to stat report
[0818/135320.702:ERROR:crash_report_database_win.cc(469)] failed to stat report
[0818/135320.702:ERROR:crash_report_database_win.cc(469)] failed to stat report
[0818/135320.702:ERROR:crash_report_database_win.cc(469)] failed to stat report
[0818/135320.702:ERROR:crash_report_database_win.cc(469)] failed to stat report
[0818/135320.702:ERROR:crash_report_database_win.cc(469)] failed to stat report
[0818/135320.702:ERROR:crash_report_database_win.cc(469)] failed to stat report
[0818/135320.702:ERROR:crash_report_database_win.cc(469)] failed to stat report
[0818/140820.703:ERROR:crash_report_database_win.cc(469)] failed to stat report
[0818/140820.703:ERROR:crash_report_database_win.cc(469)] failed to stat report
[0818/140820.703:ERROR:crash_report_database_win.cc(469)] failed to stat report
[0818/140820.703:ERROR:crash_report_database_win.cc(469)] failed to stat report
[0818/140820.703:ERROR:crash_report_database_win.cc(469)] failed to stat report
[0818/140820.703:ERROR:crash_report_database_win.cc(469)] failed to stat report
[0818/140820.703:ERROR:crash_report_database_win.cc(469)] failed to stat report
[0818/140820.703:ERROR:crash_report_database_win.cc(469)] failed to stat report
[0818/140820.704:ERROR:crash_report_database_win.cc(469)] failed to stat report
[0818/140820.704:ERROR:crash_report_database_win.cc(469)] failed to stat report
[0818/140820.704:ERROR:crash_report_database_win.cc(469)] failed to stat report
[0818/140820.704:ERROR:crash_report_database_win.cc(469)] failed to stat report
[0818/140820.704:ERROR:crash_report_database_win.cc(469)] failed to stat report
[0818/140820.704:ERROR:crash_report_database_win.cc(469)] failed to stat report
[0818/140820.704:ERROR:crash_report_database_win.cc(469)] failed to stat report
[0818/140820.704:ERROR:crash_report_database_win.cc(469)] failed to stat report
[0818/140820.704:ERROR:crash_report_database_win.cc(469)] failed to stat report
[0818/140820.705:ERROR:crash_report_database_win.cc(469)] failed to stat report
[0818/140820.705:ERROR:crash_report_database_win.cc(469)] failed to stat report
[0818/140820.705:ERROR:crash_report_database_win.cc(469)] failed to stat report
[0818/142320.707:ERROR:crash_report_database_win.cc(469)] failed to stat report
[0818/142320.707:ERROR:crash_report_database_win.cc(469)] failed to stat report
[0818/142320.707:ERROR:crash_report_database_win.cc(469)] failed to stat report
[0818/142320.707:ERROR:crash_report_database_win.cc(469)] failed to stat report
[0818/142320.707:ERROR:crash_report_database_win.cc(469)] failed to stat report
[0818/142320.707:ERROR:crash_report_database_win.cc(469)] failed to stat report
[0818/142320.708:ERROR:crash_report_database_win.cc(469)] failed to stat report
[0818/142320.708:ERROR:crash_report_database_win.cc(469)] failed to stat report
[0818/142320.708:ERROR:crash_report_database_win.cc(469)] failed to stat report
[0818/142320.708:ERROR:crash_report_database_win.cc(469)] failed to stat report
[0818/142320.708:ERROR:crash_report_database_win.cc(469)] failed to stat report
[0818/142320.708:ERROR:crash_report_database_win.cc(469)] failed to stat report
[0818/142320.708:ERROR:crash_report_database_win.cc(469)] failed to stat report
[0818/142320.708:ERROR:crash_report_database_win.cc(469)] failed to stat report
[0818/142320.708:ERROR:crash_report_database_win.cc(469)] failed to stat report
[0818/142320.708:ERROR:crash_report_database_win.cc(469)] failed to stat report
[0818/142320.709:ERROR:crash_report_database_win.cc(469)] failed to stat report
[0818/142320.709:ERROR:crash_report_database_win.cc(469)] failed to stat report
[0818/142320.709:ERROR:crash_report_database_win.cc(469)] failed to stat report
[0818/142320.709:ERROR:crash_report_database_win.cc(469)] failed to stat report
[0818/152713.968:ERROR:crash_report_database_win.cc(469)] failed to stat report
[0818/152713.969:ERROR:crash_report_database_win.cc(469)] failed to stat report
[0818/152713.969:ERROR:crash_report_database_win.cc(469)] failed to stat report
[0818/152713.969:ERROR:crash_report_database_win.cc(469)] failed to stat report
[0818/152713.969:ERROR:crash_report_database_win.cc(469)] failed to stat report
[0818/152713.969:ERROR:crash_report_database_win.cc(469)] failed to stat report
[0818/152713.970:ERROR:crash_report_database_win.cc(469)] failed to stat report
[0818/152713.970:ERROR:crash_report_database_win.cc(469)] failed to stat report
[0818/152713.970:ERROR:crash_report_database_win.cc(469)] failed to stat report
[0818/152713.970:ERROR:crash_report_database_win.cc(469)] failed to stat report
[0818/152713.970:ERROR:crash_report_database_win.cc(469)] failed to stat report
[0818/152713.970:ERROR:crash_report_database_win.cc(469)] failed to stat report
[0818/152713.970:ERROR:crash_report_database_win.cc(469)] failed to stat report
[0818/152713.970:ERROR:crash_report_database_win.cc(469)] failed to stat report
[0818/152713.970:ERROR:crash_report_database_win.cc(469)] failed to stat report
[0818/152713.970:ERROR:crash_report_database_win.cc(469)] failed to stat report
[0818/152713.970:ERROR:crash_report_database_win.cc(469)] failed to stat report
[0818/152713.970:ERROR:crash_report_database_win.cc(469)] failed to stat report
[0818/152713.971:ERROR:crash_report_database_win.cc(469)] failed to stat report
[0818/152713.971:ERROR:crash_report_database_win.cc(469)] failed to stat report
[0818/152925.604:ERROR:crash_report_database_win.cc(469)] failed to stat report
[0818/152925.604:ERROR:crash_report_database_win.cc(469)] failed to stat report
[0818/152925.604:ERROR:crash_report_database_win.cc(469)] failed to stat report
[0818/152925.604:ERROR:crash_report_database_win.cc(469)] failed to stat report
[0818/152925.604:ERROR:crash_report_database_win.cc(469)] failed to stat report
[0818/152925.604:ERROR:crash_report_database_win.cc(469)] failed to stat report
[0818/152925.604:ERROR:crash_report_database_win.cc(469)] failed to stat report
[0818/152925.604:ERROR:crash_report_database_win.cc(469)] failed to stat report
[0818/152925.604:ERROR:crash_report_database_win.cc(469)] failed to stat report
[0818/152925.605:ERROR:crash_report_database_win.cc(469)] failed to stat report
[0818/152925.605:ERROR:crash_report_database_win.cc(469)] failed to stat report
[0818/152925.605:ERROR:crash_report_database_win.cc(469)] failed to stat report
[0818/152925.605:ERROR:crash_report_database_win.cc(469)] failed to stat report
[0818/152925.605:ERROR:crash_report_database_win.cc(469)] failed to stat report
[0818/152925.605:ERROR:crash_report_database_win.cc(469)] failed to stat report
[0818/152925.605:ERROR:crash_report_database_win.cc(469)] failed to stat report
[0818/152925.605:ERROR:crash_report_database_win.cc(469)] failed to stat report
[0818/152925.606:ERROR:crash_report_database_win.cc(469)] failed to stat report
[0818/152925.606:ERROR:crash_report_database_win.cc(469)] failed to stat report
[0818/152925.606:ERROR:crash_report_database_win.cc(469)] failed to stat report
[0818/154425.624:ERROR:crash_report_database_win.cc(469)] failed to stat report
[0818/154425.624:ERROR:crash_report_database_win.cc(469)] failed to stat report
[0818/154425.624:ERROR:crash_report_database_win.cc(469)] failed to stat report
[0818/154425.624:ERROR:crash_report_database_win.cc(469)] failed to stat report
[0818/154425.624:ERROR:crash_report_database_win.cc(469)] failed to stat report
[0818/154425.625:ERROR:crash_report_database_win.cc(469)] failed to stat report
[0818/154425.625:ERROR:crash_report_database_win.cc(469)] failed to stat report
[0818/154425.625:ERROR:crash_report_database_win.cc(469)] failed to stat report
[0818/154425.625:ERROR:crash_report_database_win.cc(469)] failed to stat report
[0818/154425.625:ERROR:crash_report_database_win.cc(469)] failed to stat report
[0818/154425.625:ERROR:crash_report_database_win.cc(469)] failed to stat report
[0818/154425.625:ERROR:crash_report_database_win.cc(469)] failed to stat report
[0818/154425.625:ERROR:crash_report_database_win.cc(469)] failed to stat report
[0818/154425.625:ERROR:crash_report_database_win.cc(469)] failed to stat report
[0818/154425.625:ERROR:crash_report_database_win.cc(469)] failed to stat report
[0818/154425.626:ERROR:crash_report_database_win.cc(469)] failed to stat report
[0818/154425.626:ERROR:crash_report_database_win.cc(469)] failed to stat report
[0818/154425.626:ERROR:crash_report_database_win.cc(469)] failed to stat report
[0818/154425.626:ERROR:crash_report_database_win.cc(469)] failed to stat report
[0818/154425.626:ERROR:crash_report_database_win.cc(469)] failed to stat report
[0818/155925.628:ERROR:crash_report_database_win.cc(469)] failed to stat report
[0818/155925.628:ERROR:crash_report_database_win.cc(469)] failed to stat report
[0818/155925.628:ERROR:crash_report_database_win.cc(469)] failed to stat report
[0818/155925.628:ERROR:crash_report_database_win.cc(469)] failed to stat report
[0818/155925.628:ERROR:crash_report_database_win.cc(469)] failed to stat report
[0818/155925.628:ERROR:crash_report_database_win.cc(469)] failed to stat report
[0818/155925.628:ERROR:crash_report_database_win.cc(469)] failed to stat report
[0818/155925.628:ERROR:crash_report_database_win.cc(469)] failed to stat report
[0818/155925.628:ERROR:crash_report_database_win.cc(469)] failed to stat report
[0818/155925.629:ERROR:crash_report_database_win.cc(469)] failed to stat report
[0818/155925.629:ERROR:crash_report_database_win.cc(469)] failed to stat report
[0818/155925.629:ERROR:crash_report_database_win.cc(469)] failed to stat report
[0818/155925.629:ERROR:crash_report_database_win.cc(469)] failed to stat report
[0818/155925.629:ERROR:crash_report_database_win.cc(469)] failed to stat report
[0818/155925.629:ERROR:crash_report_database_win.cc(469)] failed to stat report
[0818/155925.629:ERROR:crash_report_database_win.cc(469)] failed to stat report
[0818/155925.629:ERROR:crash_report_database_win.cc(469)] failed to stat report
[0818/155925.629:ERROR:crash_report_database_win.cc(469)] failed to stat report
[0818/155925.629:ERROR:crash_report_database_win.cc(469)] failed to stat report
[0818/155925.630:ERROR:crash_report_database_win.cc(469)] failed to stat report
[0818/161425.631:ERROR:crash_report_database_win.cc(469)] failed to stat report
[0818/161425.631:ERROR:crash_report_database_win.cc(469)] failed to stat report
[0818/161425.631:ERROR:crash_report_database_win.cc(469)] failed to stat report
[0818/161425.631:ERROR:crash_report_database_win.cc(469)] failed to stat report
[0818/161425.631:ERROR:crash_report_database_win.cc(469)] failed to stat report
[0818/161425.631:ERROR:crash_report_database_win.cc(469)] failed to stat report
[0818/161425.632:ERROR:crash_report_database_win.cc(469)] failed to stat report
[0818/161425.632:ERROR:crash_report_database_win.cc(469)] failed to stat report
[0818/161425.632:ERROR:crash_report_database_win.cc(469)] failed to stat report
[0818/161425.632:ERROR:crash_report_database_win.cc(469)] failed to stat report
[0818/161425.632:ERROR:crash_report_database_win.cc(469)] failed to stat report
[0818/161425.632:ERROR:crash_report_database_win.cc(469)] failed to stat report
[0818/161425.632:ERROR:crash_report_database_win.cc(469)] failed to stat report
[0818/161425.632:ERROR:crash_report_database_win.cc(469)] failed to stat report
[0818/161425.632:ERROR:crash_report_database_win.cc(469)] failed to stat report
[0818/161425.633:ERROR:crash_report_database_win.cc(469)] failed to stat report
[0818/161425.633:ERROR:crash_report_database_win.cc(469)] failed to stat report
[0818/161425.633:ERROR:crash_report_database_win.cc(469)] failed to stat report
[0818/161425.633:ERROR:crash_report_database_win.cc(469)] failed to stat report
[0818/161425.633:ERROR:crash_report_database_win.cc(469)] failed to stat report
[0818/162925.634:ERROR:crash_report_database_win.cc(469)] failed to stat report
[0818/162925.635:ERROR:crash_report_database_win.cc(469)] failed to stat report
[0818/162925.635:ERROR:crash_report_database_win.cc(469)] failed to stat report
[0818/162925.635:ERROR:crash_report_database_win.cc(469)] failed to stat report
[0818/162925.635:ERROR:crash_report_database_win.cc(469)] failed to stat report
[0818/162925.635:ERROR:crash_report_database_win.cc(469)] failed to stat report
[0818/162925.635:ERROR:crash_report_database_win.cc(469)] failed to stat report
[0818/162925.635:ERROR:crash_report_database_win.cc(469)] failed to stat report
[0818/162925.635:ERROR:crash_report_database_win.cc(469)] failed to stat report
[0818/162925.635:ERROR:crash_report_database_win.cc(469)] failed to stat report
[0818/162925.636:ERROR:crash_report_database_win.cc(469)] failed to stat report
[0818/162925.636:ERROR:crash_report_database_win.cc(469)] failed to stat report
[0818/162925.636:ERROR:crash_report_database_win.cc(469)] failed to stat report
[0818/162925.636:ERROR:crash_report_database_win.cc(469)] failed to stat report
[0818/162925.636:ERROR:crash_report_database_win.cc(469)] failed to stat report
[0818/162925.636:ERROR:crash_report_database_win.cc(469)] failed to stat report
[0818/162925.636:ERROR:crash_report_database_win.cc(469)] failed to stat report
[0818/162925.636:ERROR:crash_report_database_win.cc(469)] failed to stat report
[0818/162925.637:ERROR:crash_report_database_win.cc(469)] failed to stat report
[0818/162925.637:ERROR:crash_report_database_win.cc(469)] failed to stat report
[0818/164425.638:ERROR:crash_report_database_win.cc(469)] failed to stat report
[0818/164425.638:ERROR:crash_report_database_win.cc(469)] failed to stat report
[0818/164425.638:ERROR:crash_report_database_win.cc(469)] failed to stat report
[0818/164425.638:ERROR:crash_report_database_win.cc(469)] failed to stat report
[0818/164425.638:ERROR:crash_report_database_win.cc(469)] failed to stat report
[0818/164425.638:ERROR:crash_report_database_win.cc(469)] failed to stat report
[0818/164425.638:ERROR:crash_report_database_win.cc(469)] failed to stat report
[0818/164425.638:ERROR:crash_report_database_win.cc(469)] failed to stat report
[0818/164425.638:ERROR:crash_report_database_win.cc(469)] failed to stat report
[0818/164425.639:ERROR:crash_report_database_win.cc(469)] failed to stat report
[0818/164425.639:ERROR:crash_report_database_win.cc(469)] failed to stat report
[0818/164425.639:ERROR:crash_report_database_win.cc(469)] failed to stat report
[0818/164425.639:ERROR:crash_report_database_win.cc(469)] failed to stat report
[0818/164425.639:ERROR:crash_report_database_win.cc(469)] failed to stat report
[0818/164425.639:ERROR:crash_report_database_win.cc(469)] failed to stat report
[0818/164425.639:ERROR:crash_report_database_win.cc(469)] failed to stat report
[0818/164425.639:ERROR:crash_report_database_win.cc(469)] failed to stat report
[0818/164425.639:ERROR:crash_report_database_win.cc(469)] failed to stat report
[0818/164425.640:ERROR:crash_report_database_win.cc(469)] failed to stat report
[0818/164425.640:ERROR:crash_report_database_win.cc(469)] failed to stat report
[0818/165925.642:ERROR:crash_report_database_win.cc(469)] failed to stat report
[0818/165925.642:ERROR:crash_report_database_win.cc(469)] failed to stat report
[0818/165925.642:ERROR:crash_report_database_win.cc(469)] failed to stat report
[0818/165925.642:ERROR:crash_report_database_win.cc(469)] failed to stat report
[0818/165925.642:ERROR:crash_report_database_win.cc(469)] failed to stat report
[0818/165925.642:ERROR:crash_report_database_win.cc(469)] failed to stat report
[0818/165925.642:ERROR:crash_report_database_win.cc(469)] failed to stat report
[0818/165925.642:ERROR:crash_report_database_win.cc(469)] failed to stat report
[0818/165925.643:ERROR:crash_report_database_win.cc(469)] failed to stat report
[0818/165925.643:ERROR:crash_report_database_win.cc(469)] failed to stat report
[0818/165925.643:ERROR:crash_report_database_win.cc(469)] failed to stat report
[0818/165925.643:ERROR:crash_report_database_win.cc(469)] failed to stat report
[0818/165925.643:ERROR:crash_report_database_win.cc(469)] failed to stat report
[0818/165925.643:ERROR:crash_report_database_win.cc(469)] failed to stat report
[0818/165925.643:ERROR:crash_report_database_win.cc(469)] failed to stat report
[0818/165925.643:ERROR:crash_report_database_win.cc(469)] failed to stat report
[0818/165925.644:ERROR:crash_report_database_win.cc(469)] failed to stat report
[0818/165925.644:ERROR:crash_report_database_win.cc(469)] failed to stat report
[0818/165925.644:ERROR:crash_report_database_win.cc(469)] failed to stat report
[0818/165925.644:ERROR:crash_report_database_win.cc(469)] failed to stat report
[0818/171425.644:ERROR:crash_report_database_win.cc(469)] failed to stat report
[0818/171425.644:ERROR:crash_report_database_win.cc(469)] failed to stat report
[0818/171425.644:ERROR:crash_report_database_win.cc(469)] failed to stat report
[0818/171425.645:ERROR:crash_report_database_win.cc(469)] failed to stat report
[0818/171425.645:ERROR:crash_report_database_win.cc(469)] failed to stat report
[0818/171425.645:ERROR:crash_report_database_win.cc(469)] failed to stat report
[0818/171425.645:ERROR:crash_report_database_win.cc(469)] failed to stat report
[0818/171425.645:ERROR:crash_report_database_win.cc(469)] failed to stat report
[0818/171425.645:ERROR:crash_report_database_win.cc(469)] failed to stat report
[0818/171425.645:ERROR:crash_report_database_win.cc(469)] failed to stat report
[0818/171425.645:ERROR:crash_report_database_win.cc(469)] failed to stat report
[0818/171425.645:ERROR:crash_report_database_win.cc(469)] failed to stat report
[0818/171425.645:ERROR:crash_report_database_win.cc(469)] failed to stat report
[0818/171425.646:ERROR:crash_report_database_win.cc(469)] failed to stat report
[0818/171425.646:ERROR:crash_report_database_win.cc(469)] failed to stat report
[0818/171425.646:ERROR:crash_report_database_win.cc(469)] failed to stat report
[0818/171425.646:ERROR:crash_report_database_win.cc(469)] failed to stat report
[0818/171425.646:ERROR:crash_report_database_win.cc(469)] failed to stat report
[0818/171425.646:ERROR:crash_report_database_win.cc(469)] failed to stat report
[0818/171425.646:ERROR:crash_report_database_win.cc(469)] failed to stat report
[0818/172333.203:ERROR:scoped_process_suspend.cc(31)] NtSuspendProcess: Se intentó obtener acceso a un proceso que está cerrándose. (0xc000010a)
[0818/172333.277:ERROR:process_info.cc(118)] ReadProcessMemory bool __cdecl crashpad::(anonymous namespace)::ReadStruct(HANDLE, crashpad::WinVMAddress, T *) [T = crashpad::process_types::PEB<crashpad::process_types::internal::Traits64>]: Solo se completó una parte de una solicitud ReadProcessMemory o WriteProcessMemory. (0x12B)
[0818/172333.296:ERROR:process_info.cc(551)] ReadProcessData failed
[0818/172925.647:ERROR:crash_report_database_win.cc(469)] failed to stat report
[0818/172925.648:ERROR:crash_report_database_win.cc(469)] failed to stat report
[0818/172925.648:ERROR:crash_report_database_win.cc(469)] failed to stat report
[0818/172925.648:ERROR:crash_report_database_win.cc(469)] failed to stat report
[0818/172925.648:ERROR:crash_report_database_win.cc(469)] failed to stat report
[0818/172925.648:ERROR:crash_report_database_win.cc(469)] failed to stat report
[0818/172925.648:ERROR:crash_report_database_win.cc(469)] failed to stat report
[0818/172925.648:ERROR:crash_report_database_win.cc(469)] failed to stat report
[0818/172925.648:ERROR:crash_report_database_win.cc(469)] failed to stat report
[0818/172925.649:ERROR:crash_report_database_win.cc(469)] failed to stat report
[0818/172925.649:ERROR:crash_report_database_win.cc(469)] failed to stat report
[0818/172925.649:ERROR:crash_report_database_win.cc(469)] failed to stat report
[0818/172925.649:ERROR:crash_report_database_win.cc(469)] failed to stat report
[0818/172925.649:ERROR:crash_report_database_win.cc(469)] failed to stat report
[0818/172925.649:ERROR:crash_report_database_win.cc(469)] failed to stat report
[0818/172925.649:ERROR:crash_report_database_win.cc(469)] failed to stat report
[0818/172925.650:ERROR:crash_report_database_win.cc(469)] failed to stat report
[0818/172925.650:ERROR:crash_report_database_win.cc(469)] failed to stat report
[0818/172925.650:ERROR:crash_report_database_win.cc(469)] failed to stat report
[0818/172925.650:ERROR:crash_report_database_win.cc(469)] failed to stat report
[0818/174425.651:ERROR:crash_report_database_win.cc(469)] failed to stat report
[0818/174425.651:ERROR:crash_report_database_win.cc(469)] failed to stat report
[0818/174425.651:ERROR:crash_report_database_win.cc(469)] failed to stat report
[0818/174425.651:ERROR:crash_report_database_win.cc(469)] failed to stat report
[0818/174425.651:ERROR:crash_report_database_win.cc(469)] failed to stat report
[0818/174425.652:ERROR:crash_report_database_win.cc(469)] failed to stat report
[0818/174425.652:ERROR:crash_report_database_win.cc(469)] failed to stat report
[0818/174425.652:ERROR:crash_report_database_win.cc(469)] failed to stat report
[0818/174425.652:ERROR:crash_report_database_win.cc(469)] failed to stat report
[0818/174425.652:ERROR:crash_report_database_win.cc(469)] failed to stat report
[0818/174425.652:ERROR:crash_report_database_win.cc(469)] failed to stat report
[0818/174425.652:ERROR:crash_report_database_win.cc(469)] failed to stat report
[0818/174425.652:ERROR:crash_report_database_win.cc(469)] failed to stat report
[0818/174425.652:ERROR:crash_report_database_win.cc(469)] failed to stat report
[0818/174425.653:ERROR:crash_report_database_win.cc(469)] failed to stat report
[0818/174425.653:ERROR:crash_report_database_win.cc(469)] failed to stat report
[0818/174425.653:ERROR:crash_report_database_win.cc(469)] failed to stat report
[0818/174425.653:ERROR:crash_report_database_win.cc(469)] failed to stat report
[0818/174425.653:ERROR:crash_report_database_win.cc(469)] failed to stat report
[0818/174425.653:ERROR:crash_report_database_win.cc(469)] failed to stat report
[0818/175925.655:ERROR:crash_report_database_win.cc(469)] failed to stat report
[0818/175925.655:ERROR:crash_report_database_win.cc(469)] failed to stat report
[0818/175925.655:ERROR:crash_report_database_win.cc(469)] failed to stat report
[0818/175925.655:ERROR:crash_report_database_win.cc(469)] failed to stat report
[0818/175925.655:ERROR:crash_report_database_win.cc(469)] failed to stat report
[0818/175925.655:ERROR:crash_report_database_win.cc(469)] failed to stat report
[0818/175925.655:ERROR:crash_report_database_win.cc(469)] failed to stat report
[0818/175925.655:ERROR:crash_report_database_win.cc(469)] failed to stat report
[0818/175925.655:ERROR:crash_report_database_win.cc(469)] failed to stat report
[0818/175925.655:ERROR:crash_report_database_win.cc(469)] failed to stat report
[0818/175925.656:ERROR:crash_report_database_win.cc(469)] failed to stat report
[0818/175925.656:ERROR:crash_report_database_win.cc(469)] failed to stat report
[0818/175925.656:ERROR:crash_report_database_win.cc(469)] failed to stat report
[0818/175925.656:ERROR:crash_report_database_win.cc(469)] failed to stat report
[0818/175925.656:ERROR:crash_report_database_win.cc(469)] failed to stat report
[0818/175925.656:ERROR:crash_report_database_win.cc(469)] failed to stat report
[0818/175925.656:ERROR:crash_report_database_win.cc(469)] failed to stat report
[0818/175925.656:ERROR:crash_report_database_win.cc(469)] failed to stat report
[0818/175925.657:ERROR:crash_report_database_win.cc(469)] failed to stat report
[0818/175925.657:ERROR:crash_report_database_win.cc(469)] failed to stat report
[0818/181425.658:ERROR:crash_report_database_win.cc(469)] failed to stat report
[0818/181425.658:ERROR:crash_report_database_win.cc(469)] failed to stat report
[0818/181425.658:ERROR:crash_report_database_win.cc(469)] failed to stat report
[0818/181425.658:ERROR:crash_report_database_win.cc(469)] failed to stat report
[0818/181425.658:ERROR:crash_report_database_win.cc(469)] failed to stat report
[0818/181425.658:ERROR:crash_report_database_win.cc(469)] failed to stat report
[0818/181425.658:ERROR:crash_report_database_win.cc(469)] failed to stat report
[0818/181425.658:ERROR:crash_report_database_win.cc(469)] failed to stat report
[0818/181425.659:ERROR:crash_report_database_win.cc(469)] failed to stat report
[0818/181425.659:ERROR:crash_report_database_win.cc(469)] failed to stat report
[0818/181425.659:ERROR:crash_report_database_win.cc(469)] failed to stat report
[0818/181425.659:ERROR:crash_report_database_win.cc(469)] failed to stat report
[0818/181425.659:ERROR:crash_report_database_win.cc(469)] failed to stat report
[0818/181425.659:ERROR:crash_report_database_win.cc(469)] failed to stat report
[0818/181425.659:ERROR:crash_report_database_win.cc(469)] failed to stat report
[0818/181425.660:ERROR:crash_report_database_win.cc(469)] failed to stat report
[0818/181425.660:ERROR:crash_report_database_win.cc(469)] failed to stat report
[0818/181425.660:ERROR:crash_report_database_win.cc(469)] failed to stat report
[0818/181425.660:ERROR:crash_report_database_win.cc(469)] failed to stat report
[0818/181425.660:ERROR:crash_report_database_win.cc(469)] failed to stat report
[0818/182925.662:ERROR:crash_report_database_win.cc(469)] failed to stat report
[0818/182925.662:ERROR:crash_report_database_win.cc(469)] failed to stat report
[0818/182925.662:ERROR:crash_report_database_win.cc(469)] failed to stat report
[0818/182925.662:ERROR:crash_report_database_win.cc(469)] failed to stat report
[0818/182925.662:ERROR:crash_report_database_win.cc(469)] failed to stat report
[0818/182925.662:ERROR:crash_report_database_win.cc(469)] failed to stat report
[0818/182925.662:ERROR:crash_report_database_win.cc(469)] failed to stat report
[0818/182925.663:ERROR:crash_report_database_win.cc(469)] failed to stat report
[0818/182925.663:ERROR:crash_report_database_win.cc(469)] failed to stat report
[0818/182925.663:ERROR:crash_report_database_win.cc(469)] failed to stat report
[0818/182925.663:ERROR:crash_report_database_win.cc(469)] failed to stat report
[0818/182925.663:ERROR:crash_report_database_win.cc(469)] failed to stat report
[0818/182925.663:ERROR:crash_report_database_win.cc(469)] failed to stat report
[0818/182925.663:ERROR:crash_report_database_win.cc(469)] failed to stat report
[0818/182925.663:ERROR:crash_report_database_win.cc(469)] failed to stat report
[0818/182925.663:ERROR:crash_report_database_win.cc(469)] failed to stat report
[0818/182925.664:ERROR:crash_report_database_win.cc(469)] failed to stat report
[0818/182925.664:ERROR:crash_report_database_win.cc(469)] failed to stat report
[0818/182925.664:ERROR:crash_report_database_win.cc(469)] failed to stat report
[0818/182925.664:ERROR:crash_report_database_win.cc(469)] failed to stat report
[0818/184425.665:ERROR:crash_report_database_win.cc(469)] failed to stat report
[0818/184425.665:ERROR:crash_report_database_win.cc(469)] failed to stat report
[0818/184425.665:ERROR:crash_report_database_win.cc(469)] failed to stat report
[0818/184425.665:ERROR:crash_report_database_win.cc(469)] failed to stat report
[0818/184425.665:ERROR:crash_report_database_win.cc(469)] failed to stat report
[0818/184425.665:ERROR:crash_report_database_win.cc(469)] failed to stat report
[0818/184425.665:ERROR:crash_report_database_win.cc(469)] failed to stat report
[0818/184425.666:ERROR:crash_report_database_win.cc(469)] failed to stat report
[0818/184425.666:ERROR:crash_report_database_win.cc(469)] failed to stat report
[0818/184425.666:ERROR:crash_report_database_win.cc(469)] failed to stat report
[0818/184425.666:ERROR:crash_report_database_win.cc(469)] failed to stat report
[0818/184425.666:ERROR:crash_report_database_win.cc(469)] failed to stat report
[0818/184425.666:ERROR:crash_report_database_win.cc(469)] failed to stat report
[0818/184425.666:ERROR:crash_report_database_win.cc(469)] failed to stat report
[0818/184425.666:ERROR:crash_report_database_win.cc(469)] failed to stat report
[0818/184425.666:ERROR:crash_report_database_win.cc(469)] failed to stat report
[0818/184425.667:ERROR:crash_report_database_win.cc(469)] failed to stat report
[0818/184425.667:ERROR:crash_report_database_win.cc(469)] failed to stat report
[0818/184425.667:ERROR:crash_report_database_win.cc(469)] failed to stat report
[0818/184425.667:ERROR:crash_report_database_win.cc(469)] failed to stat report
[0818/185925.669:ERROR:crash_report_database_win.cc(469)] failed to stat report
[0818/185925.669:ERROR:crash_report_database_win.cc(469)] failed to stat report
[0818/185925.669:ERROR:crash_report_database_win.cc(469)] failed to stat report
[0818/185925.669:ERROR:crash_report_database_win.cc(469)] failed to stat report
[0818/185925.669:ERROR:crash_report_database_win.cc(469)] failed to stat report
[0818/185925.669:ERROR:crash_report_database_win.cc(469)] failed to stat report
[0818/185925.669:ERROR:crash_report_database_win.cc(469)] failed to stat report
[0818/185925.670:ERROR:crash_report_database_win.cc(469)] failed to stat report
[0818/185925.670:ERROR:crash_report_database_win.cc(469)] failed to stat report
[0818/185925.670:ERROR:crash_report_database_win.cc(469)] failed to stat report
[0818/185925.670:ERROR:crash_report_database_win.cc(469)] failed to stat report
[0818/185925.670:ERROR:crash_report_database_win.cc(469)] failed to stat report
[0818/185925.670:ERROR:crash_report_database_win.cc(469)] failed to stat report
[0818/185925.670:ERROR:crash_report_database_win.cc(469)] failed to stat report
[0818/185925.670:ERROR:crash_report_database_win.cc(469)] failed to stat report
[0818/185925.670:ERROR:crash_report_database_win.cc(469)] failed to stat report
[0818/185925.671:ERROR:crash_report_database_win.cc(469)] failed to stat report
[0818/185925.671:ERROR:crash_report_database_win.cc(469)] failed to stat report
[0818/185925.671:ERROR:crash_report_database_win.cc(469)] failed to stat report
[0818/185925.671:ERROR:crash_report_database_win.cc(469)] failed to stat report
[0818/191425.671:ERROR:crash_report_database_win.cc(469)] failed to stat report
[0818/191425.672:ERROR:crash_report_database_win.cc(469)] failed to stat report
[0818/191425.672:ERROR:crash_report_database_win.cc(469)] failed to stat report
[0818/191425.672:ERROR:crash_report_database_win.cc(469)] failed to stat report
[0818/191425.672:ERROR:crash_report_database_win.cc(469)] failed to stat report
[0818/191425.672:ERROR:crash_report_database_win.cc(469)] failed to stat report
[0818/191425.672:ERROR:crash_report_database_win.cc(469)] failed to stat report
[0818/191425.672:ERROR:crash_report_database_win.cc(469)] failed to stat report
[0818/191425.672:ERROR:crash_report_database_win.cc(469)] failed to stat report
[0818/191425.672:ERROR:crash_report_database_win.cc(469)] failed to stat report
[0818/191425.673:ERROR:crash_report_database_win.cc(469)] failed to stat report
[0818/191425.673:ERROR:crash_report_database_win.cc(469)] failed to stat report
[0818/191425.673:ERROR:crash_report_database_win.cc(469)] failed to stat report
[0818/191425.673:ERROR:crash_report_database_win.cc(469)] failed to stat report
[0818/191425.673:ERROR:crash_report_database_win.cc(469)] failed to stat report
[0818/191425.673:ERROR:crash_report_database_win.cc(469)] failed to stat report
[0818/191425.673:ERROR:crash_report_database_win.cc(469)] failed to stat report
[0818/191425.673:ERROR:crash_report_database_win.cc(469)] failed to stat report
[0818/191425.674:ERROR:crash_report_database_win.cc(469)] failed to stat report
[0818/191425.674:ERROR:crash_report_database_win.cc(469)] failed to stat report
[0818/192925.676:ERROR:crash_report_database_win.cc(469)] failed to stat report
[0818/192925.676:ERROR:crash_report_database_win.cc(469)] failed to stat report
[0818/192925.676:ERROR:crash_report_database_win.cc(469)] failed to stat report
[0818/192925.676:ERROR:crash_report_database_win.cc(469)] failed to stat report
[0818/192925.676:ERROR:crash_report_database_win.cc(469)] failed to stat report
[0818/192925.676:ERROR:crash_report_database_win.cc(469)] failed to stat report
[0818/192925.676:ERROR:crash_report_database_win.cc(469)] failed to stat report
[0818/192925.676:ERROR:crash_report_database_win.cc(469)] failed to stat report
[0818/192925.676:ERROR:crash_report_database_win.cc(469)] failed to stat report
[0818/192925.677:ERROR:crash_report_database_win.cc(469)] failed to stat report
[0818/192925.677:ERROR:crash_report_database_win.cc(469)] failed to stat report
[0818/192925.677:ERROR:crash_report_database_win.cc(469)] failed to stat report
[0818/192925.677:ERROR:crash_report_database_win.cc(469)] failed to stat report
[0818/192925.677:ERROR:crash_report_database_win.cc(469)] failed to stat report
[0818/192925.677:ERROR:crash_report_database_win.cc(469)] failed to stat report
[0818/192925.677:ERROR:crash_report_database_win.cc(469)] failed to stat report
[0818/192925.677:ERROR:crash_report_database_win.cc(469)] failed to stat report
[0818/192925.677:ERROR:crash_report_database_win.cc(469)] failed to stat report
[0818/192925.678:ERROR:crash_report_database_win.cc(469)] failed to stat report
[0818/192925.678:ERROR:crash_report_database_win.cc(469)] failed to stat report
[0818/194425.679:ERROR:crash_report_database_win.cc(469)] failed to stat report
[0818/194425.679:ERROR:crash_report_database_win.cc(469)] failed to stat report
[0818/194425.679:ERROR:crash_report_database_win.cc(469)] failed to stat report
[0818/194425.679:ERROR:crash_report_database_win.cc(469)] failed to stat report
[0818/194425.680:ERROR:crash_report_database_win.cc(469)] failed to stat report
[0818/194425.680:ERROR:crash_report_database_win.cc(469)] failed to stat report
[0818/194425.680:ERROR:crash_report_database_win.cc(469)] failed to stat report
[0818/194425.680:ERROR:crash_report_database_win.cc(469)] failed to stat report
[0818/194425.680:ERROR:crash_report_database_win.cc(469)] failed to stat report
[0818/194425.680:ERROR:crash_report_database_win.cc(469)] failed to stat report
[0818/194425.680:ERROR:crash_report_database_win.cc(469)] failed to stat report
[0818/194425.682:ERROR:crash_report_database_win.cc(469)] failed to stat report
[0818/194425.682:ERROR:crash_report_database_win.cc(469)] failed to stat report
[0818/194425.682:ERROR:crash_report_database_win.cc(469)] failed to stat report
[0818/194425.682:ERROR:crash_report_database_win.cc(469)] failed to stat report
[0818/194425.682:ERROR:crash_report_database_win.cc(469)] failed to stat report
[0818/194425.682:ERROR:crash_report_database_win.cc(469)] failed to stat report
[0818/194425.683:ERROR:crash_report_database_win.cc(469)] failed to stat report
[0818/194425.683:ERROR:crash_report_database_win.cc(469)] failed to stat report
[0818/194425.683:ERROR:crash_report_database_win.cc(469)] failed to stat report
[0818/195000.168:ERROR:process_reader_win.cc(123)] NtOpenThread: {Acceso denegado} Un proceso ha solicitado acceso a un objeto, pero no se le han concedido esos derechos de acceso. (0xc0000022)
[0818/195000.169:ERROR:exception_snapshot_win.cc(98)] thread ID 12860 not found in process
[0818/195000.171:ERROR:process_reader_win.cc(123)] NtOpenThread: {Acceso denegado} Un proceso ha solicitado acceso a un objeto, pero no se le han concedido esos derechos de acceso. (0xc0000022)
[0818/195000.172:ERROR:exception_snapshot_win.cc(98)] thread ID 5428 not found in process
[0819/110108.320:ERROR:crash_report_database_win.cc(469)] failed to stat report
[0819/110108.321:ERROR:crash_report_database_win.cc(469)] failed to stat report
[0819/110108.321:ERROR:crash_report_database_win.cc(469)] failed to stat report
[0819/110108.321:ERROR:crash_report_database_win.cc(469)] failed to stat report
[0819/110108.322:ERROR:crash_report_database_win.cc(469)] failed to stat report
[0819/110108.322:ERROR:crash_report_database_win.cc(469)] failed to stat report
[0819/110108.322:ERROR:crash_report_database_win.cc(469)] failed to stat report
[0819/110108.322:ERROR:crash_report_database_win.cc(469)] failed to stat report
[0819/110108.322:ERROR:crash_report_database_win.cc(469)] failed to stat report
[0819/110108.322:ERROR:crash_report_database_win.cc(469)] failed to stat report
[0819/110108.322:ERROR:crash_report_database_win.cc(469)] failed to stat report
[0819/110108.322:ERROR:crash_report_database_win.cc(469)] failed to stat report
[0819/110108.322:ERROR:crash_report_database_win.cc(469)] failed to stat report
[0819/110108.322:ERROR:crash_report_database_win.cc(469)] failed to stat report
[0819/110108.322:ERROR:crash_report_database_win.cc(469)] failed to stat report
[0819/110108.322:ERROR:crash_report_database_win.cc(469)] failed to stat report
[0819/110108.322:ERROR:crash_report_database_win.cc(469)] failed to stat report
[0819/110108.323:ERROR:crash_report_database_win.cc(469)] failed to stat report
[0819/110108.323:ERROR:crash_report_database_win.cc(469)] failed to stat report
[0819/110108.323:ERROR:crash_report_database_win.cc(469)] failed to stat report
[0819/160723.403:ERROR:crash_report_database_win.cc(469)] failed to stat report
[0819/160723.465:ERROR:crash_report_database_win.cc(469)] failed to stat report
[0819/160723.465:ERROR:crash_report_database_win.cc(469)] failed to stat report
[0819/160723.466:ERROR:crash_report_database_win.cc(469)] failed to stat report
[0819/160723.466:ERROR:crash_report_database_win.cc(469)] failed to stat report
[0819/160723.466:ERROR:crash_report_database_win.cc(469)] failed to stat report
[0819/160723.466:ERROR:crash_report_database_win.cc(469)] failed to stat report
[0819/160723.466:ERROR:crash_report_database_win.cc(469)] failed to stat report
[0819/160723.466:ERROR:crash_report_database_win.cc(469)] failed to stat report
[0819/160723.466:ERROR:crash_report_database_win.cc(469)] failed to stat report
[0819/160723.466:ERROR:crash_report_database_win.cc(469)] failed to stat report
[0819/160723.466:ERROR:crash_report_database_win.cc(469)] failed to stat report
[0819/160723.466:ERROR:crash_report_database_win.cc(469)] failed to stat report
[0819/160723.466:ERROR:crash_report_database_win.cc(469)] failed to stat report
[0819/160723.466:ERROR:crash_report_database_win.cc(469)] failed to stat report
[0819/160723.466:ERROR:crash_report_database_win.cc(469)] failed to stat report
[0819/160723.466:ERROR:crash_report_database_win.cc(469)] failed to stat report
[0819/160723.466:ERROR:crash_report_database_win.cc(469)] failed to stat report
[0819/160723.467:ERROR:crash_report_database_win.cc(469)] failed to stat report
[0819/160723.467:ERROR:crash_report_database_win.cc(469)] failed to stat report
[0819/160809.062:ERROR:crash_report_database_win.cc(469)] failed to stat report
[0819/160809.063:ERROR:crash_report_database_win.cc(469)] failed to stat report
[0819/160809.063:ERROR:crash_report_database_win.cc(469)] failed to stat report
[0819/160809.063:ERROR:crash_report_database_win.cc(469)] failed to stat report
[0819/160809.063:ERROR:crash_report_database_win.cc(469)] failed to stat report
[0819/160809.063:ERROR:crash_report_database_win.cc(469)] failed to stat report
[0819/160809.063:ERROR:crash_report_database_win.cc(469)] failed to stat report
[0819/160809.063:ERROR:crash_report_database_win.cc(469)] failed to stat report
[0819/160809.063:ERROR:crash_report_database_win.cc(469)] failed to stat report
[0819/160809.063:ERROR:crash_report_database_win.cc(469)] failed to stat report
[0819/160809.063:ERROR:crash_report_database_win.cc(469)] failed to stat report
[0819/160809.064:ERROR:crash_report_database_win.cc(469)] failed to stat report
[0819/160809.064:ERROR:crash_report_database_win.cc(469)] failed to stat report
[0819/160809.064:ERROR:crash_report_database_win.cc(469)] failed to stat report
[0819/160809.064:ERROR:crash_report_database_win.cc(469)] failed to stat report
[0819/160809.064:ERROR:crash_report_database_win.cc(469)] failed to stat report
[0819/160809.064:ERROR:crash_report_database_win.cc(469)] failed to stat report
[0819/160809.064:ERROR:crash_report_database_win.cc(469)] failed to stat report
[0819/160809.064:ERROR:crash_report_database_win.cc(469)] failed to stat report
[0819/160809.064:ERROR:crash_report_database_win.cc(469)] failed to stat report
[0820/150749.618:ERROR:crash_report_database_win.cc(469)] failed to stat report
[0820/150749.619:ERROR:crash_report_database_win.cc(469)] failed to stat report
[0820/150749.619:ERROR:crash_report_database_win.cc(469)] failed to stat report
[0820/150749.619:ERROR:crash_report_database_win.cc(469)] failed to stat report
[0820/150749.619:ERROR:crash_report_database_win.cc(469)] failed to stat report
[0820/150749.619:ERROR:crash_report_database_win.cc(469)] failed to stat report
[0820/150749.619:ERROR:crash_report_database_win.cc(469)] failed to stat report
[0820/150749.619:ERROR:crash_report_database_win.cc(469)] failed to stat report
[0820/150749.619:ERROR:crash_report_database_win.cc(469)] failed to stat report
[0820/150749.619:ERROR:crash_report_database_win.cc(469)] failed to stat report
[0820/150749.619:ERROR:crash_report_database_win.cc(469)] failed to stat report
[0820/150749.619:ERROR:crash_report_database_win.cc(469)] failed to stat report
[0820/150749.619:ERROR:crash_report_database_win.cc(469)] failed to stat report
[0820/150749.619:ERROR:crash_report_database_win.cc(469)] failed to stat report
[0820/150749.619:ERROR:crash_report_database_win.cc(469)] failed to stat report
[0820/150749.619:ERROR:crash_report_database_win.cc(469)] failed to stat report
[0820/150749.619:ERROR:crash_report_database_win.cc(469)] failed to stat report
[0820/150749.620:ERROR:crash_report_database_win.cc(469)] failed to stat report
[0820/150749.620:ERROR:crash_report_database_win.cc(469)] failed to stat report
[0820/150749.620:ERROR:crash_report_database_win.cc(469)] failed to stat report
[0922/225659.749:ERROR:crash_report_database_win.cc(469)] failed to stat report
[0922/225659.760:ERROR:crash_report_database_win.cc(469)] failed to stat report
[0922/225659.760:ERROR:crash_report_database_win.cc(469)] failed to stat report
[0922/225659.760:ERROR:crash_report_database_win.cc(469)] failed to stat report
[0922/225659.760:ERROR:crash_report_database_win.cc(469)] failed to stat report
[0922/225659.760:ERROR:crash_report_database_win.cc(469)] failed to stat report
[0922/225659.760:ERROR:crash_report_database_win.cc(469)] failed to stat report
[0922/225659.760:ERROR:crash_report_database_win.cc(469)] failed to stat report
[0922/225659.760:ERROR:crash_report_database_win.cc(469)] failed to stat report
[0922/225659.760:ERROR:crash_report_database_win.cc(469)] failed to stat report
[0922/225659.760:ERROR:crash_report_database_win.cc(469)] failed to stat report
[0922/225659.761:ERROR:crash_report_database_win.cc(469)] failed to stat report
[0922/225659.761:ERROR:crash_report_database_win.cc(469)] failed to stat report
[0922/225659.761:ERROR:crash_report_database_win.cc(469)] failed to stat report
[0922/225659.761:ERROR:crash_report_database_win.cc(469)] failed to stat report
[0922/225659.761:ERROR:crash_report_database_win.cc(469)] failed to stat report
[0922/225659.761:ERROR:crash_report_database_win.cc(469)] failed to stat report
[0922/225659.761:ERROR:crash_report_database_win.cc(469)] failed to stat report
[0922/225659.761:ERROR:crash_report_database_win.cc(469)] failed to stat report
[0922/225659.761:ERROR:crash_report_database_win.cc(469)] failed to stat report
